/usr/sbin/mysqld, Version: 9.4.0 (MySQL Community Server - GPL). started with:
Tcp port: 3306  Unix socket: /var/run/mysqld/mysqld.sock
Time                 Id Command    Argument
2025-10-12T21:01:45.999862Z	    0 Execute	CREATE TABLE performance_schema.innodb_redo_log_files(
`FILE_ID` BIGINT NOT NULL COMMENT 'Id of the file.',
`FILE_NAME` VARCHAR(2000) NOT NULL COMMENT 'Path to the file.',
`START_LSN` BIGINT NOT NULL COMMENT 'LSN of the first block in the file.',
`END_LSN` BIGINT NOT NULL COMMENT 'LSN after the last block in the file.',
`SIZE_IN_BYTES` BIGINT NOT NULL COMMENT 'Size of the file (in bytes).',
`IS_FULL` TINYINT NOT NULL COMMENT '1 iff file has no free space inside.',
`CONSUMER_LEVEL` INT NOT NULL COMMENT 'All redo log consumers registered on smaller levels than this value, have already consumed this file.'
)engine = 'performance_schema'
/usr/sbin/mysqld, Version: 9.4.0 (MySQL Community Server - GPL). started with:
Tcp port: 3306  Unix socket: /var/run/mysqld/mysqld.sock
Time                 Id Command    Argument
2025-10-12T21:01:51.092777Z	    0 Execute	CREATE TABLE performance_schema.innodb_redo_log_files(
`FILE_ID` BIGINT NOT NULL COMMENT 'Id of the file.',
`FILE_NAME` VARCHAR(2000) NOT NULL COMMENT 'Path to the file.',
`START_LSN` BIGINT NOT NULL COMMENT 'LSN of the first block in the file.',
`END_LSN` BIGINT NOT NULL COMMENT 'LSN after the last block in the file.',
`SIZE_IN_BYTES` BIGINT NOT NULL COMMENT 'Size of the file (in bytes).',
`IS_FULL` TINYINT NOT NULL COMMENT '1 iff file has no free space inside.',
`CONSUMER_LEVEL` INT NOT NULL COMMENT 'All redo log consumers registered on smaller levels than this value, have already consumed this file.'
)engine = 'performance_schema'
/usr/sbin/mysqld, Version: 9.4.0 (MySQL Community Server - GPL). started with:
Tcp port: 3306  Unix socket: /var/run/mysqld/mysqld.sock
Time                 Id Command    Argument
2025-10-12T21:01:56.422217Z	    0 Execute	CREATE TABLE performance_schema.innodb_redo_log_files(
`FILE_ID` BIGINT NOT NULL COMMENT 'Id of the file.',
`FILE_NAME` VARCHAR(2000) NOT NULL COMMENT 'Path to the file.',
`START_LSN` BIGINT NOT NULL COMMENT 'LSN of the first block in the file.',
`END_LSN` BIGINT NOT NULL COMMENT 'LSN after the last block in the file.',
`SIZE_IN_BYTES` BIGINT NOT NULL COMMENT 'Size of the file (in bytes).',
`IS_FULL` TINYINT NOT NULL COMMENT '1 iff file has no free space inside.',
`CONSUMER_LEVEL` INT NOT NULL COMMENT 'All redo log consumers registered on smaller levels than this value, have already consumed this file.'
)engine = 'performance_schema'
/usr/sbin/mysqld, Version: 9.4.0 (MySQL Community Server - GPL). started with:
Tcp port: 3306  Unix socket: /var/run/mysqld/mysqld.sock
Time                 Id Command    Argument
2025-10-12T21:02:01.723825Z	    0 Execute	CREATE TABLE performance_schema.innodb_redo_log_files(
`FILE_ID` BIGINT NOT NULL COMMENT 'Id of the file.',
`FILE_NAME` VARCHAR(2000) NOT NULL COMMENT 'Path to the file.',
`START_LSN` BIGINT NOT NULL COMMENT 'LSN of the first block in the file.',
`END_LSN` BIGINT NOT NULL COMMENT 'LSN after the last block in the file.',
`SIZE_IN_BYTES` BIGINT NOT NULL COMMENT 'Size of the file (in bytes).',
`IS_FULL` TINYINT NOT NULL COMMENT '1 iff file has no free space inside.',
`CONSUMER_LEVEL` INT NOT NULL COMMENT 'All redo log consumers registered on smaller levels than this value, have already consumed this file.'
)engine = 'performance_schema'
/usr/sbin/mysqld, Version: 9.4.0 (MySQL Community Server - GPL). started with:
Tcp port: 3306  Unix socket: /var/run/mysqld/mysqld.sock
Time                 Id Command    Argument
2025-10-12T21:02:07.381290Z	    0 Execute	CREATE TABLE performance_schema.innodb_redo_log_files(
`FILE_ID` BIGINT NOT NULL COMMENT 'Id of the file.',
`FILE_NAME` VARCHAR(2000) NOT NULL COMMENT 'Path to the file.',
`START_LSN` BIGINT NOT NULL COMMENT 'LSN of the first block in the file.',
`END_LSN` BIGINT NOT NULL COMMENT 'LSN after the last block in the file.',
`SIZE_IN_BYTES` BIGINT NOT NULL COMMENT 'Size of the file (in bytes).',
`IS_FULL` TINYINT NOT NULL COMMENT '1 iff file has no free space inside.',
`CONSUMER_LEVEL` INT NOT NULL COMMENT 'All redo log consumers registered on smaller levels than this value, have already consumed this file.'
)engine = 'performance_schema'
/usr/sbin/mysqld, Version: 9.4.0 (MySQL Community Server - GPL). started with:
Tcp port: 3306  Unix socket: /var/run/mysqld/mysqld.sock
Time                 Id Command    Argument
2025-10-12T21:02:14.175486Z	    0 Execute	CREATE TABLE performance_schema.innodb_redo_log_files(
`FILE_ID` BIGINT NOT NULL COMMENT 'Id of the file.',
`FILE_NAME` VARCHAR(2000) NOT NULL COMMENT 'Path to the file.',
`START_LSN` BIGINT NOT NULL COMMENT 'LSN of the first block in the file.',
`END_LSN` BIGINT NOT NULL COMMENT 'LSN after the last block in the file.',
`SIZE_IN_BYTES` BIGINT NOT NULL COMMENT 'Size of the file (in bytes).',
`IS_FULL` TINYINT NOT NULL COMMENT '1 iff file has no free space inside.',
`CONSUMER_LEVEL` INT NOT NULL COMMENT 'All redo log consumers registered on smaller levels than this value, have already consumed this file.'
)engine = 'performance_schema'
/usr/sbin/mysqld, Version: 9.4.0 (MySQL Community Server - GPL). started with:
Tcp port: 3306  Unix socket: /var/run/mysqld/mysqld.sock
Time                 Id Command    Argument
2025-10-12T21:02:22.419930Z	    0 Execute	CREATE TABLE performance_schema.innodb_redo_log_files(
`FILE_ID` BIGINT NOT NULL COMMENT 'Id of the file.',
`FILE_NAME` VARCHAR(2000) NOT NULL COMMENT 'Path to the file.',
`START_LSN` BIGINT NOT NULL COMMENT 'LSN of the first block in the file.',
`END_LSN` BIGINT NOT NULL COMMENT 'LSN after the last block in the file.',
`SIZE_IN_BYTES` BIGINT NOT NULL COMMENT 'Size of the file (in bytes).',
`IS_FULL` TINYINT NOT NULL COMMENT '1 iff file has no free space inside.',
`CONSUMER_LEVEL` INT NOT NULL COMMENT 'All redo log consumers registered on smaller levels than this value, have already consumed this file.'
)engine = 'performance_schema'
/usr/sbin/mysqld, Version: 9.4.0 (MySQL Community Server - GPL). started with:
Tcp port: 3306  Unix socket: /var/run/mysqld/mysqld.sock
Time                 Id Command    Argument
2025-10-12T21:02:33.741772Z	    0 Execute	CREATE TABLE performance_schema.innodb_redo_log_files(
`FILE_ID` BIGINT NOT NULL COMMENT 'Id of the file.',
`FILE_NAME` VARCHAR(2000) NOT NULL COMMENT 'Path to the file.',
`START_LSN` BIGINT NOT NULL COMMENT 'LSN of the first block in the file.',
`END_LSN` BIGINT NOT NULL COMMENT 'LSN after the last block in the file.',
`SIZE_IN_BYTES` BIGINT NOT NULL COMMENT 'Size of the file (in bytes).',
`IS_FULL` TINYINT NOT NULL COMMENT '1 iff file has no free space inside.',
`CONSUMER_LEVEL` INT NOT NULL COMMENT 'All redo log consumers registered on smaller levels than this value, have already consumed this file.'
)engine = 'performance_schema'
/usr/sbin/mysqld, Version: 9.4.0 (MySQL Community Server - GPL). started with:
Tcp port: 3306  Unix socket: /var/run/mysqld/mysqld.sock
Time                 Id Command    Argument
2025-10-12T21:02:51.578375Z	    0 Execute	CREATE TABLE performance_schema.innodb_redo_log_files(
`FILE_ID` BIGINT NOT NULL COMMENT 'Id of the file.',
`FILE_NAME` VARCHAR(2000) NOT NULL COMMENT 'Path to the file.',
`START_LSN` BIGINT NOT NULL COMMENT 'LSN of the first block in the file.',
`END_LSN` BIGINT NOT NULL COMMENT 'LSN after the last block in the file.',
`SIZE_IN_BYTES` BIGINT NOT NULL COMMENT 'Size of the file (in bytes).',
`IS_FULL` TINYINT NOT NULL COMMENT '1 iff file has no free space inside.',
`CONSUMER_LEVEL` INT NOT NULL COMMENT 'All redo log consumers registered on smaller levels than this value, have already consumed this file.'
)engine = 'performance_schema'
/usr/sbin/mysqld, Version: 9.4.0 (MySQL Community Server - GPL). started with:
Tcp port: 0  Unix socket: /var/run/mysqld/mysqld.sock
Time                 Id Command    Argument
/usr/sbin/mysqld, Version: 9.4.0 (MySQL Community Server - GPL). started with:
Tcp port: 3306  Unix socket: /var/run/mysqld/mysqld.sock
Time                 Id Command    Argument
2025-10-12T21:03:26.544369Z	    0 Execute	CREATE TABLE performance_schema.innodb_redo_log_files(
`FILE_ID` BIGINT NOT NULL COMMENT 'Id of the file.',
`FILE_NAME` VARCHAR(2000) NOT NULL COMMENT 'Path to the file.',
`START_LSN` BIGINT NOT NULL COMMENT 'LSN of the first block in the file.',
`END_LSN` BIGINT NOT NULL COMMENT 'LSN after the last block in the file.',
`SIZE_IN_BYTES` BIGINT NOT NULL COMMENT 'Size of the file (in bytes).',
`IS_FULL` TINYINT NOT NULL COMMENT '1 iff file has no free space inside.',
`CONSUMER_LEVEL` INT NOT NULL COMMENT 'All redo log consumers registered on smaller levels than this value, have already consumed this file.'
)engine = 'performance_schema'
/usr/sbin/mysqld, Version: 9.4.0 (MySQL Community Server - GPL). started with:
Tcp port: 3306  Unix socket: /var/run/mysqld/mysqld.sock
Time                 Id Command    Argument
2025-10-12T21:03:31.263291Z	    0 Execute	CREATE TABLE performance_schema.innodb_redo_log_files(
`FILE_ID` BIGINT NOT NULL COMMENT 'Id of the file.',
`FILE_NAME` VARCHAR(2000) NOT NULL COMMENT 'Path to the file.',
`START_LSN` BIGINT NOT NULL COMMENT 'LSN of the first block in the file.',
`END_LSN` BIGINT NOT NULL COMMENT 'LSN after the last block in the file.',
`SIZE_IN_BYTES` BIGINT NOT NULL COMMENT 'Size of the file (in bytes).',
`IS_FULL` TINYINT NOT NULL COMMENT '1 iff file has no free space inside.',
`CONSUMER_LEVEL` INT NOT NULL COMMENT 'All redo log consumers registered on smaller levels than this value, have already consumed this file.'
)engine = 'performance_schema'
/usr/sbin/mysqld, Version: 9.4.0 (MySQL Community Server - GPL). started with:
Tcp port: 3306  Unix socket: /var/run/mysqld/mysqld.sock
Time                 Id Command    Argument
2025-10-12T21:03:36.572638Z	    0 Execute	CREATE TABLE performance_schema.innodb_redo_log_files(
`FILE_ID` BIGINT NOT NULL COMMENT 'Id of the file.',
`FILE_NAME` VARCHAR(2000) NOT NULL COMMENT 'Path to the file.',
`START_LSN` BIGINT NOT NULL COMMENT 'LSN of the first block in the file.',
`END_LSN` BIGINT NOT NULL COMMENT 'LSN after the last block in the file.',
`SIZE_IN_BYTES` BIGINT NOT NULL COMMENT 'Size of the file (in bytes).',
`IS_FULL` TINYINT NOT NULL COMMENT '1 iff file has no free space inside.',
`CONSUMER_LEVEL` INT NOT NULL COMMENT 'All redo log consumers registered on smaller levels than this value, have already consumed this file.'
)engine = 'performance_schema'
